# JRE version: OpenJDK Runtime Environment Temurin-23.0.1+11 (23.0.1+11) (build 23.0.1+11)
# Java VM: OpenJDK 64-Bit Server VM Temurin-23.0.1+11 (23.0.1+11, mixed mode, sharing, tiered, compressed oops, compressed class ptrs, g1 gc, bsd-amd64)
Heap:
 garbage-first heap   total reserved 4194304K, committed 264192K, used 48230K [0x0000000700000000, 0x0000000800000000)
  region size 2048K, 15 young (30720K), 1 survivors (2048K)
 Metaspace       used 8738K, committed 8960K, reserved 1114112K
  class space    used 927K, committed 1024K, reserved 1048576K
GC Heap History (20 events):
Event: 2629.377 GC heap before
{Heap before GC invocations=47 (full 0):
 garbage-first heap   total reserved 4194304K, committed 264192K, used 174165K [0x0000000700000000, 0x0000000800000000)
  region size 2048K, 76 young (155648K), 1 survivors (2048K)
 Metaspace       used 8738K, committed 8960K, reserved 1114112K
  class space    used 927K, committed 1024K, reserved 1048576K
}
Event: 2629.384 GC heap after
{Heap after GC invocations=48 (full 0):
 garbage-first heap   total reserved 4194304K, committed 264192K, used 20571K [0x0000000700000000, 0x0000000800000000)
  region size 2048K, 1 young (2048K), 1 survivors (2048K)
 Metaspace       used 8738K, committed 8960K, reserved 1114112K
  class space    used 927K, committed 1024K, reserved 1048576K
}
Event: 2687.314 GC heap before
{Heap before GC invocations=48 (full 0):
 garbage-first heap   total reserved 4194304K, committed 264192K, used 174171K [0x0000000700000000, 0x0000000800000000)
  region size 2048K, 76 young (155648K), 1 survivors (2048K)
 Metaspace       used 8738K, committed 8960K, reserved 1114112K
  class space    used 927K, committed 1024K, reserved 1048576K
}
Event: 2687.321 GC heap after
{Heap after GC invocations=49 (full 0):
 garbage-first heap   total reserved 4194304K, committed 264192K, used 20571K [0x0000000700000000, 0x0000000800000000)
  region size 2048K, 1 young (2048K), 1 survivors (2048K)
 Metaspace       used 8738K, committed 8960K, reserved 1114112K
  class space    used 927K, committed 1024K, reserved 1048576K
}
Event: 2745.651 GC heap before
{Heap before GC invocations=49 (full 0):
 garbage-first heap   total reserved 4194304K, committed 264192K, used 174171K [0x0000000700000000, 0x0000000800000000)
  region size 2048K, 76 young (155648K), 1 survivors (2048K)
 Metaspace       used 8738K, committed 8960K, reserved 1114112K
  class space    used 927K, committed 1024K, reserved 1048576K
}
Event: 2745.656 GC heap after
{Heap after GC invocations=50 (full 0):
 garbage-first heap   total reserved 4194304K, committed 264192K, used 20569K [0x0000000700000000, 0x0000000800000000)
  region size 2048K, 1 young (2048K), 1 survivors (2048K)
 Metaspace       used 8738K, committed 8960K, reserved 1114112K
  class space    used 927K, committed 1024K, reserved 1048576K
}
Event: 2803.857 GC heap before
{Heap before GC invocations=50 (full 0):
 garbage-first heap   total reserved 4194304K, committed 264192K, used 174169K [0x0000000700000000, 0x0000000800000000)
  region size 2048K, 76 young (155648K), 1 survivors (2048K)
 Metaspace       used 8738K, committed 8960K, reserved 1114112K
  class space    used 927K, committed 1024K, reserved 1048576K
}
Event: 2803.861 GC heap after
{Heap after GC invocations=51 (full 0):
 garbage-first heap   total reserved 4194304K, committed 264192K, used 20569K [0x0000000700000000, 0x0000000800000000)
  region size 2048K, 1 young (2048K), 1 survivors (2048K)
 Metaspace       used 8738K, committed 8960K, reserved 1114112K
  class space    used 927K, committed 1024K, reserved 1048576K
}
Event: 2861.863 GC heap before
{Heap before GC invocations=51 (full 0):
 garbage-first heap   total reserved 4194304K, committed 264192K, used 174169K [0x0000000700000000, 0x0000000800000000)
  region size 2048K, 76 young (155648K), 1 survivors (2048K)
 Metaspace       used 8738K, committed 8960K, reserved 1114112K
  class space    used 927K, committed 1024K, reserved 1048576K
}
Event: 2861.869 GC heap after
{Heap after GC invocations=52 (full 0):
 garbage-first heap   total reserved 4194304K, committed 264192K, used 20571K [0x0000000700000000, 0x0000000800000000)
  region size 2048K, 1 young (2048K), 1 survivors (2048K)
 Metaspace       used 8738K, committed 8960K, reserved 1114112K
  class space    used 927K, committed 1024K, reserved 1048576K
}
Event: 2920.630 GC heap before
{Heap before GC invocations=52 (full 0):
 garbage-first heap   total reserved 4194304K, committed 264192K, used 174171K [0x0000000700000000, 0x0000000800000000)
  region size 2048K, 76 young (155648K), 1 survivors (2048K)
 Metaspace       used 8738K, committed 8960K, reserved 1114112K
  class space    used 927K, committed 1024K, reserved 1048576K
}
Event: 2920.634 GC heap after
{Heap after GC invocations=53 (full 0):
 garbage-first heap   total reserved 4194304K, committed 264192K, used 20565K [0x0000000700000000, 0x0000000800000000)
  region size 2048K, 1 young (2048K), 1 survivors (2048K)
 Metaspace       used 8738K, committed 8960K, reserved 1114112K
  class space    used 927K, committed 1024K, reserved 1048576K
}
Event: 2979.536 GC heap before
{Heap before GC invocations=53 (full 0):
 garbage-first heap   total reserved 4194304K, committed 264192K, used 174165K [0x0000000700000000, 0x0000000800000000)
  region size 2048K, 76 young (155648K), 1 survivors (2048K)
 Metaspace       used 8738K, committed 8960K, reserved 1114112K
  class space    used 927K, committed 1024K, reserved 1048576K
}
Event: 2979.540 GC heap after
{Heap after GC invocations=54 (full 0):
 garbage-first heap   total reserved 4194304K, committed 264192K, used 20569K [0x0000000700000000, 0x0000000800000000)
  region size 2048K, 1 young (2048K), 1 survivors (2048K)
 Metaspace       used 8738K, committed 8960K, reserved 1114112K
  class space    used 927K, committed 1024K, reserved 1048576K
}
Event: 3039.078 GC heap before
{Heap before GC invocations=54 (full 0):
 garbage-first heap   total reserved 4194304K, committed 264192K, used 174169K [0x0000000700000000, 0x0000000800000000)
  region size 2048K, 76 young (155648K), 1 survivors (2048K)
 Metaspace       used 8738K, committed 8960K, reserved 1114112K
  class space    used 927K, committed 1024K, reserved 1048576K
}
Event: 3039.086 GC heap after
{Heap after GC invocations=55 (full 0):
 garbage-first heap   total reserved 4194304K, committed 264192K, used 20569K [0x0000000700000000, 0x0000000800000000)
  region size 2048K, 1 young (2048K), 1 survivors (2048K)
 Metaspace       used 8738K, committed 8960K, reserved 1114112K
  class space    used 927K, committed 1024K, reserved 1048576K
}
Event: 3097.602 GC heap before
{Heap before GC invocations=55 (full 0):
 garbage-first heap   total reserved 4194304K, committed 264192K, used 174169K [0x0000000700000000, 0x0000000800000000)
  region size 2048K, 76 young (155648K), 1 survivors (2048K)
 Metaspace       used 8738K, committed 8960K, reserved 1114112K
  class space    used 927K, committed 1024K, reserved 1048576K
}
Event: 3097.608 GC heap after
{Heap after GC invocations=56 (full 0):
 garbage-first heap   total reserved 4194304K, committed 264192K, used 20571K [0x0000000700000000, 0x0000000800000000)
  region size 2048K, 1 young (2048K), 1 survivors (2048K)
 Metaspace       used 8738K, committed 8960K, reserved 1114112K
  class space    used 927K, committed 1024K, reserved 1048576K
}
Event: 3156.054 GC heap before
{Heap before GC invocations=56 (full 0):
 garbage-first heap   total reserved 4194304K, committed 264192K, used 174171K [0x0000000700000000, 0x0000000800000000)
  region size 2048K, 76 young (155648K), 1 survivors (2048K)
 Metaspace       used 8738K, committed 8960K, reserved 1114112K
  class space    used 927K, committed 1024K, reserved 1048576K
}
Event: 3156.057 GC heap after
{Heap after GC invocations=57 (full 0):
 garbage-first heap   total reserved 4194304K, committed 264192K, used 20567K [0x0000000700000000, 0x0000000800000000)
  region size 2048K, 1 young (2048K), 1 survivors (2048K)
 Metaspace       used 8738K, committed 8960K, reserved 1114112K
  class space    used 927K, committed 1024K, reserved 1048576K
}

